build/app/outputs/mapping/release/usage.txt
com.example.lines.BuildConfig
com.example.lines.R$drawable
com.example.lines.R$styleable
com.example.lines.R$color
com.example.lines.R
com.example.lines.R$xml
com.example.lines.R$attr
com.example.lines.R$dimen
com.example.lines.R$style
com.example.lines.R$id
com.example.lines.R$mipmap
com.example.lines.R$integer
com.example.lines.R$string
com.example.lines.R$layout
...
androidx.test.runner.AndroidJUnitRunner$2
kotlin.sequences.DropWhileSequence$iterator$1
kotlin.UIntKt
com.google.common.base.Predicates$1
com.google.common.util.concurrent.ImmediateFuture$ImmediateSuccessfulFuture
androidx.core.view.animation.PathInterpolatorCompat
androidx.lifecycle.CompositeGeneratedAdaptersObserver:
    void <init>(androidx.lifecycle.GeneratedAdapter[])
kotlin.jvm.internal.MutableLocalVariableReference
androidx.test.espresso.core.internal.deps.aidl.TransactionInterceptor
androidx.core.hardware.fingerprint.FingerprintManagerCompat$AuthenticationCallback
com.google.common.collect.ImmutableBiMap$SerializedForm
com.google.common.collect.TreeMultiset$AvlNode
org.hamcrest.Description
androidx.core.view.accessibility.AccessibilityViewCommand$MoveWindowArguments
androidx.core.app.ActivityCompat$SharedElementCallback21Impl
com.google.common.collect.TreeTraverser$PostOrderNode
kotlin.collections.ArraysKt___ArraysKt$withIndex$4
androidx.savedstate.SavedStateRegistryController
com.google.common.collect.RangeGwtSerializationDependencies
io.flutter.embedding.engine.plugins.service.ServiceAware$OnModeChangeListener
com.google.common.base.Charsets
com.google.common.collect.MapMakerInternalMap$WeakValueReferenceImpl
androidx.versionedparcelable.VersionedParcelParcel:
    public void writeByteArray(byte[],int,int)
    public void writeLong(long)
    public void writeFloat(float)
    public void writeDouble(double)
    public void writeStrongBinder(android.os.IBinder)
    public void writeStrongInterface(android.os.IInterface)
    public void writeBundle(android.os.Bundle)
    public long readLong()
    public float readFloat()
    public double readDouble()
    public android.os.IBinder readStrongBinder()
    public android.os.Bundle readBundle()
    private static final boolean DEBUG
    private static final java.lang.String TAG
androidx.test.espresso.base.UiControllerModule$EspressoUiControllerAdapter
androidx.test.espresso.ViewInteractionModule_ProvideRootViewFactory
com.google.common.collect.FilteredEntryMultimap$Keys$1
org.hamcrest.number.OrderingComparison
com.google.common.reflect.TypeToken$TypeSet
com.google.common.base.Optional$1$1
androidx.lifecycle.R
com.google.common.cache.LocalCache$2
com.google.common.collect.IndexedImmutableSet
androidx.core.app.RemoteInput$Builder
com.google.common.collect.TreeMultiset$4
kotlin.collections.AbstractMap$toString$1
androidx.test.espresso.base.RootViewPicker
com.google.common.graph.DirectedGraphConnections$2$1
kotlin.collections.CharIterator
androidx.collection.ArrayMap:
    public void <init>(int)
    public void <init>(androidx.collection.SimpleArrayMap)
    public boolean containsAll(java.util.Collection)
    public boolean removeAll(java.util.Collection)
    public boolean retainAll(java.util.Collection)
androidx.test.espresso.matcher.CursorMatchers$7
kotlin.sequences.SequenceBuilderIterator
com.google.common.base.Converter$IdentityConverter
com.google.common.collect.Iterators$ConcatenatedIterator
com.google.common.util.concurrent.CycleDetectingLockFactory$Policies$3
com.google.common.graph.EndpointPairIterator$Undirected
androidx.savedstate.SavedStateRegistry$SavedStateProvider
com.google.common.eventbus.EventBus$LoggingHandler
kotlin.text.CharCategory$Companion
androidx.core.content.IntentCompat
com.google.common.collect.Maps$IteratorBasedAbstractMap
kotlin.sequences.GeneratorSequence$iterator$1
kotlin.sequences.SequencesKt___SequencesKt$minus$4
com.google.common.collect.TreeRangeMap$SubRangeMap$SubRangeMapAsMap$4
dev.flutter.integration_test.R$attr
kotlin.coroutines.experimental.EmptyCoroutineContext
com.google.common.collect.TreeMultiset$Aggregate
kotlin.collections.AbstractMap$Companion
androidx.fragment.R$style
androidx.core.database.CursorWindowCompat
androidx.test.espresso.action.Tapper
com.google.common.collect.MapMakerInternalMap$StrongKeyStrongValueEntry$Helper
com.google.common.util.concurrent.Monitor
androidx.fragment.app.FragmentStatePagerAdapter